#-----------------------------------------------------------
# Vivado v2024.2 (64-bit)
# SW Build 5239630 on Fri Nov 08 22:35:27 MST 2024
# IP Build 5239520 on Sun Nov 10 16:12:51 MST 2024
# SharedData Build 5239561 on Fri Nov 08 14:39:27 MST 2024
# Start of session at: Tue Apr 22 14:42:29 2025
# Process ID         : 9944
# Current directory  : C:/Users/HP/Desktop/ENSONBU/EE310Proje
# Command line       : vivado.exe -gui_launcher_event rodinguilauncherevent13968 C:\Users\HP\Desktop\ENSONBU\EE310Proje\EE310Proje.xpr
# Log file           : C:/Users/HP/Desktop/ENSONBU/EE310Proje/vivado.log
# Journal file       : C:/Users/HP/Desktop/ENSONBU/EE310Proje\vivado.jou
# Running On         : LAPTOP-3NUCOHJ4
# Platform           : Windows Server 2016 or Windows 10
# Operating System   : 26100
# Processor Detail   : 12th Gen Intel(R) Core(TM) i7-12700H
# CPU Frequency      : 2688 MHz
# CPU Physical cores : 14
# CPU Logical cores  : 20
# Host memory        : 16831 MB
# Swap memory        : 7784 MB
# Total Virtual      : 24616 MB
# Available Virtual  : 12757 MB
#-----------------------------------------------------------
start_gui
exit
INFO: [Common 17-206] Exiting Vivado at Tue Apr 22 14:43:32 2025...
